[2025-10-29T12:03:54.545Z] === Icon Fetch Process Started ===
[2025-10-29T12:03:54.547Z] Total icons: 35
[2025-10-29T12:03:54.790Z] ✓ Successfully fetched: react (attempt 1)
[2025-10-29T12:03:54.814Z] ✓ Successfully fetched: vuedotjs (attempt 1)
[2025-10-29T12:03:54.845Z] ✓ Successfully fetched: angular (attempt 1)
[2025-10-29T12:03:54.882Z] ✓ Successfully fetched: svelte (attempt 1)
[2025-10-29T12:03:54.909Z] ✓ Successfully fetched: nextdotjs (attempt 1)
[2025-10-29T12:03:54.949Z] ✓ Successfully fetched: typescript (attempt 1)
[2025-10-29T12:03:55.008Z] ✓ Successfully fetched: javascript (attempt 1)
[2025-10-29T12:03:55.031Z] ✓ Successfully fetched: html5 (attempt 1)
[2025-10-29T12:03:55.156Z] ✓ Successfully fetched: css (attempt 1)
[2025-10-29T12:03:55.187Z] ✓ Successfully fetched: sass (attempt 1)
[2025-10-29T12:03:55.213Z] ✓ Successfully fetched: tailwindcss (attempt 1)
[2025-10-29T12:03:55.235Z] ✓ Successfully fetched: bootstrap (attempt 1)
[2025-10-29T12:03:55.263Z] ✓ Successfully fetched: mui (attempt 1)
[2025-10-29T12:03:55.299Z] ✓ Successfully fetched: chakraui (attempt 1)
[2025-10-29T12:03:55.322Z] ✓ Successfully fetched: webpack (attempt 1)
[2025-10-29T12:03:55.353Z] ✓ Successfully fetched: vite (attempt 1)
[2025-10-29T12:03:55.477Z] ✓ Successfully fetched: rollupdotjs (attempt 1)
[2025-10-29T12:03:55.518Z] ✓ Successfully fetched: babel (attempt 1)
[2025-10-29T12:03:55.567Z] ✓ Successfully fetched: eslint (attempt 1)
[2025-10-29T12:03:55.645Z] ✓ Successfully fetched: prettier (attempt 1)
[2025-10-29T12:03:55.693Z] ✓ Successfully fetched: jest (attempt 1)
[2025-10-29T12:03:55.767Z] ✓ Successfully fetched: vitest (attempt 1)
[2025-10-29T12:03:55.803Z] ✓ Successfully fetched: cypress (attempt 1)
[2025-10-29T12:03:55.853Z] ✓ Successfully fetched: git (attempt 1)
[2025-10-29T12:03:55.889Z] ✓ Successfully fetched: github (attempt 1)
[2025-10-29T12:03:55.952Z] ✓ Successfully fetched: gitlab (attempt 1)
[2025-10-29T12:03:55.998Z] ✓ Successfully fetched: docker (attempt 1)
[2025-10-29T12:03:56.020Z] ✓ Successfully fetched: kubernetes (attempt 1)
[2025-10-29T12:03:56.053Z] ✓ Successfully fetched: nodedotjs (attempt 1)
[2025-10-29T12:03:56.073Z] ✓ Successfully fetched: npm (attempt 1)
[2025-10-29T12:03:56.101Z] ✓ Successfully fetched: yarn (attempt 1)
[2025-10-29T12:03:56.124Z] ✓ Successfully fetched: pnpm (attempt 1)
[2025-10-29T12:03:56.152Z] ✓ Successfully fetched: figma (attempt 1)
[2025-10-29T12:03:56.180Z] ✓ Successfully fetched: storybook (attempt 1)
[2025-10-29T12:03:56.217Z] ✓ Successfully fetched: threedotjs (attempt 1)
[2025-10-29T12:03:56.238Z] 
=== Fetch Summary ===
[2025-10-29T12:03:56.238Z] Successful: 35
[2025-10-29T12:03:56.239Z] Failed: 0
[2025-10-29T12:03:56.289Z] 
Successful icons:
[2025-10-29T12:03:56.290Z]   react
[2025-10-29T12:03:56.291Z]   vuedotjs
[2025-10-29T12:03:56.292Z]   angular
[2025-10-29T12:03:56.300Z]   svelte
[2025-10-29T12:03:56.301Z]   nextdotjs
[2025-10-29T12:03:56.302Z]   typescript
[2025-10-29T12:03:56.303Z]   javascript
[2025-10-29T12:03:56.304Z]   html5
[2025-10-29T12:03:56.306Z]   css
[2025-10-29T12:03:56.307Z]   sass
[2025-10-29T12:03:56.308Z]   tailwindcss
[2025-10-29T12:03:56.309Z]   bootstrap
[2025-10-29T12:03:56.316Z]   mui
[2025-10-29T12:03:56.318Z]   chakraui
[2025-10-29T12:03:56.319Z]   webpack
[2025-10-29T12:03:56.320Z]   vite
[2025-10-29T12:03:56.321Z]   rollupdotjs
[2025-10-29T12:03:56.321Z]   babel
[2025-10-29T12:03:56.322Z]   eslint
[2025-10-29T12:03:56.322Z]   prettier
[2025-10-29T12:03:56.322Z]   jest
[2025-10-29T12:03:56.323Z]   vitest
[2025-10-29T12:03:56.323Z]   cypress
[2025-10-29T12:03:56.324Z]   git
[2025-10-29T12:03:56.324Z]   github
[2025-10-29T12:03:56.325Z]   gitlab
[2025-10-29T12:03:56.325Z]   docker
[2025-10-29T12:03:56.326Z]   kubernetes
[2025-10-29T12:03:56.330Z]   nodedotjs
[2025-10-29T12:03:56.331Z]   npm
[2025-10-29T12:03:56.331Z]   yarn
[2025-10-29T12:03:56.332Z]   pnpm
[2025-10-29T12:03:56.332Z]   figma
[2025-10-29T12:03:56.333Z]   storybook
[2025-10-29T12:03:56.333Z]   threedotjs
